<?xml version="1.0" encoding="UTF-8"?>
<testsuite name="org.corpus_tools.salt.common.impl.tests.SCorpusGraphTest" time="0.008" tests="19" errors="0" skipped="0" failures="0">
  <properties>
    <property name="java.runtime.name" value="OpenJDK Runtime Environment"/>
    <property name="sun.boot.library.path" value="/usr/lib/jvm/java-7-openjdk-amd64/jre/lib/amd64"/>
    <property name="java.vm.version" value="24.85-b03"/>
    <property name="java.vm.vendor" value="Oracle Corporation"/>
    <property name="java.vendor.url" value="http://java.oracle.com/"/>
    <property name="path.separator" value=":"/>
    <property name="guice.disable.misplaced.annotation.check" value="true"/>
    <property name="java.vm.name" value="OpenJDK 64-Bit Server VM"/>
    <property name="file.encoding.pkg" value="sun.io"/>
    <property name="user.country" value="DE"/>
    <property name="sun.java.launcher" value="SUN_STANDARD"/>
    <property name="sun.os.patch.level" value="unknown"/>
    <property name="java.vm.specification.name" value="Java Virtual Machine Specification"/>
    <property name="user.dir" value="/var/lib/jenkins/jobs/salt_SNAPSHOT/workspace"/>
    <property name="java.runtime.version" value="1.7.0_85-b01"/>
    <property name="java.awt.graphicsenv" value="sun.awt.X11GraphicsEnvironment"/>
    <property name="java.endorsed.dirs" value="/usr/lib/jvm/java-7-openjdk-amd64/jre/lib/endorsed"/>
    <property name="os.arch" value="amd64"/>
    <property name="java.io.tmpdir" value="/tmp"/>
    <property name="line.separator" value="&#10;"/>
    <property name="java.vm.specification.vendor" value="Oracle Corporation"/>
    <property name="os.name" value="Linux"/>
    <property name="classworlds.conf" value="/usr/share/maven/bin/m2.conf"/>
    <property name="sun.jnu.encoding" value="UTF-8"/>
    <property name="java.library.path" value="/usr/java/packages/lib/amd64:/usr/lib/x86_64-linux-gnu/jni:/lib/x86_64-linux-gnu:/usr/lib/x86_64-linux-gnu:/usr/lib/jni:/lib:/usr/lib"/>
    <property name="java.specification.name" value="Java Platform API Specification"/>
    <property name="java.class.version" value="51.0"/>
    <property name="sun.management.compiler" value="HotSpot 64-Bit Tiered Compilers"/>
    <property name="os.version" value="3.19.0-33-generic"/>
    <property name="user.home" value="/var/lib/jenkins"/>
    <property name="user.timezone" value="Europe/Berlin"/>
    <property name="java.awt.printerjob" value="sun.print.PSPrinterJob"/>
    <property name="file.encoding" value="UTF-8"/>
    <property name="java.specification.version" value="1.7"/>
    <property name="user.name" value="jenkins"/>
    <property name="java.class.path" value="/usr/share/maven/boot/plexus-classworlds-2.x.jar"/>
    <property name="java.vm.specification.version" value="1.7"/>
    <property name="sun.arch.data.model" value="64"/>
    <property name="java.home" value="/usr/lib/jvm/java-7-openjdk-amd64/jre"/>
    <property name="sun.java.command" value="org.codehaus.plexus.classworlds.launcher.Launcher package assembly:single deploy"/>
    <property name="java.specification.vendor" value="Oracle Corporation"/>
    <property name="user.language" value="de"/>
    <property name="awt.toolkit" value="sun.awt.X11.XToolkit"/>
    <property name="java.vm.info" value="mixed mode"/>
    <property name="java.version" value="1.7.0_85"/>
    <property name="java.ext.dirs" value="/usr/lib/jvm/java-7-openjdk-amd64/jre/lib/ext:/usr/java/packages/lib/ext"/>
    <property name="securerandom.source" value="file:/dev/./urandom"/>
    <property name="sun.boot.class.path" value="/usr/lib/jvm/java-7-openjdk-amd64/jre/lib/resources.jar:/usr/lib/jvm/java-7-openjdk-amd64/jre/lib/rt.jar:/usr/lib/jvm/java-7-openjdk-amd64/jre/lib/sunrsasign.jar:/usr/lib/jvm/java-7-openjdk-amd64/jre/lib/jsse.jar:/usr/lib/jvm/java-7-openjdk-amd64/jre/lib/jce.jar:/usr/lib/jvm/java-7-openjdk-amd64/jre/lib/charsets.jar:/usr/lib/jvm/java-7-openjdk-amd64/jre/lib/rhino.jar:/usr/lib/jvm/java-7-openjdk-amd64/jre/lib/jfr.jar:/usr/lib/jvm/java-7-openjdk-amd64/jre/classes"/>
    <property name="java.vendor" value="Oracle Corporation"/>
    <property name="maven.home" value="/usr/share/maven"/>
    <property name="file.separator" value="/"/>
    <property name="java.vendor.url.bug" value="http://bugreport.sun.com/bugreport/"/>
    <property name="sun.cpu.endian" value="little"/>
    <property name="sun.io.unicode.encoding" value="UnicodeLittle"/>
    <property name="sun.cpu.isalist" value=""/>
  </properties>
  <testcase name="testGetCorpusDocumentRelations" classname="org.corpus_tools.salt.common.impl.tests.SCorpusGraphTest" time="0"/>
  <testcase name="testGraphTraversion" classname="org.corpus_tools.salt.common.impl.tests.SCorpusGraphTest" time="0.001"/>
  <testcase name="testAddSSubCorpus__SCorpus_SCorpus" classname="org.corpus_tools.salt.common.impl.tests.SCorpusGraphTest" time="0"/>
  <testcase name="testAddSDocument__SCorpus_SDocument" classname="org.corpus_tools.salt.common.impl.tests.SCorpusGraphTest" time="0.001"/>
  <testcase name="testGetSCorpus__SDocument" classname="org.corpus_tools.salt.common.impl.tests.SCorpusGraphTest" time="0.001"/>
  <testcase name="testCreateSCorpus__URI" classname="org.corpus_tools.salt.common.impl.tests.SCorpusGraphTest" time="0.001"/>
  <testcase name="testGetDocument__SId" classname="org.corpus_tools.salt.common.impl.tests.SCorpusGraphTest" time="0"/>
  <testcase name="testGetSCorpusRelations" classname="org.corpus_tools.salt.common.impl.tests.SCorpusGraphTest" time="0"/>
  <testcase name="testCreateSCorpus__SCorpus_String" classname="org.corpus_tools.salt.common.impl.tests.SCorpusGraphTest" time="0"/>
  <testcase name="testSaltProject_doubleChaining" classname="org.corpus_tools.salt.common.impl.tests.SCorpusGraphTest" time="0"/>
  <testcase name="testAddUnsupportedRelation" classname="org.corpus_tools.salt.common.impl.tests.SCorpusGraphTest" time="0"/>
  <testcase name="testCheckElementId" classname="org.corpus_tools.salt.common.impl.tests.SCorpusGraphTest" time="0.001"/>
  <testcase name="testGetSCorpus__SId" classname="org.corpus_tools.salt.common.impl.tests.SCorpusGraphTest" time="0"/>
  <testcase name="testGetCorpora" classname="org.corpus_tools.salt.common.impl.tests.SCorpusGraphTest" time="0.001"/>
  <testcase name="testCreateSDocument__SCorpus_String" classname="org.corpus_tools.salt.common.impl.tests.SCorpusGraphTest" time="0.001"/>
  <testcase name="testCreateSDocument__URI" classname="org.corpus_tools.salt.common.impl.tests.SCorpusGraphTest" time="0"/>
  <testcase name="testSetGetSaltProjetc" classname="org.corpus_tools.salt.common.impl.tests.SCorpusGraphTest" time="0"/>
  <testcase name="testGetDocuments" classname="org.corpus_tools.salt.common.impl.tests.SCorpusGraphTest" time="0.001"/>
  <testcase name="testGetSRootCorpus" classname="org.corpus_tools.salt.common.impl.tests.SCorpusGraphTest" time="0"/>
</testsuite>