<?xml version="1.0" encoding="UTF-8"?>
<testsuite name="org.corpus_tools.salt.common.impl.tests.SDocumentGraphTest" time="0.428" tests="44" errors="0" skipped="0" failures="0">
  <properties>
    <property name="java.runtime.name" value="OpenJDK Runtime Environment"/>
    <property name="sun.boot.library.path" value="/usr/lib/jvm/java-7-openjdk-amd64/jre/lib/amd64"/>
    <property name="java.vm.version" value="24.85-b03"/>
    <property name="java.vm.vendor" value="Oracle Corporation"/>
    <property name="java.vendor.url" value="http://java.oracle.com/"/>
    <property name="path.separator" value=":"/>
    <property name="guice.disable.misplaced.annotation.check" value="true"/>
    <property name="java.vm.name" value="OpenJDK 64-Bit Server VM"/>
    <property name="file.encoding.pkg" value="sun.io"/>
    <property name="user.country" value="DE"/>
    <property name="sun.java.launcher" value="SUN_STANDARD"/>
    <property name="sun.os.patch.level" value="unknown"/>
    <property name="java.vm.specification.name" value="Java Virtual Machine Specification"/>
    <property name="user.dir" value="/var/lib/jenkins/jobs/salt_SNAPSHOT/workspace"/>
    <property name="java.runtime.version" value="1.7.0_85-b01"/>
    <property name="java.awt.graphicsenv" value="sun.awt.X11GraphicsEnvironment"/>
    <property name="java.endorsed.dirs" value="/usr/lib/jvm/java-7-openjdk-amd64/jre/lib/endorsed"/>
    <property name="os.arch" value="amd64"/>
    <property name="java.io.tmpdir" value="/tmp"/>
    <property name="line.separator" value="&#10;"/>
    <property name="java.vm.specification.vendor" value="Oracle Corporation"/>
    <property name="os.name" value="Linux"/>
    <property name="classworlds.conf" value="/usr/share/maven/bin/m2.conf"/>
    <property name="sun.jnu.encoding" value="UTF-8"/>
    <property name="java.library.path" value="/usr/java/packages/lib/amd64:/usr/lib/x86_64-linux-gnu/jni:/lib/x86_64-linux-gnu:/usr/lib/x86_64-linux-gnu:/usr/lib/jni:/lib:/usr/lib"/>
    <property name="java.specification.name" value="Java Platform API Specification"/>
    <property name="java.class.version" value="51.0"/>
    <property name="sun.management.compiler" value="HotSpot 64-Bit Tiered Compilers"/>
    <property name="os.version" value="3.19.0-33-generic"/>
    <property name="user.home" value="/var/lib/jenkins"/>
    <property name="user.timezone" value="Europe/Berlin"/>
    <property name="java.awt.printerjob" value="sun.print.PSPrinterJob"/>
    <property name="file.encoding" value="UTF-8"/>
    <property name="java.specification.version" value="1.7"/>
    <property name="user.name" value="jenkins"/>
    <property name="java.class.path" value="/usr/share/maven/boot/plexus-classworlds-2.x.jar"/>
    <property name="java.vm.specification.version" value="1.7"/>
    <property name="sun.arch.data.model" value="64"/>
    <property name="java.home" value="/usr/lib/jvm/java-7-openjdk-amd64/jre"/>
    <property name="sun.java.command" value="org.codehaus.plexus.classworlds.launcher.Launcher package assembly:single deploy"/>
    <property name="java.specification.vendor" value="Oracle Corporation"/>
    <property name="user.language" value="de"/>
    <property name="awt.toolkit" value="sun.awt.X11.XToolkit"/>
    <property name="java.vm.info" value="mixed mode"/>
    <property name="java.version" value="1.7.0_85"/>
    <property name="java.ext.dirs" value="/usr/lib/jvm/java-7-openjdk-amd64/jre/lib/ext:/usr/java/packages/lib/ext"/>
    <property name="securerandom.source" value="file:/dev/./urandom"/>
    <property name="sun.boot.class.path" value="/usr/lib/jvm/java-7-openjdk-amd64/jre/lib/resources.jar:/usr/lib/jvm/java-7-openjdk-amd64/jre/lib/rt.jar:/usr/lib/jvm/java-7-openjdk-amd64/jre/lib/sunrsasign.jar:/usr/lib/jvm/java-7-openjdk-amd64/jre/lib/jsse.jar:/usr/lib/jvm/java-7-openjdk-amd64/jre/lib/jce.jar:/usr/lib/jvm/java-7-openjdk-amd64/jre/lib/charsets.jar:/usr/lib/jvm/java-7-openjdk-amd64/jre/lib/rhino.jar:/usr/lib/jvm/java-7-openjdk-amd64/jre/lib/jfr.jar:/usr/lib/jvm/java-7-openjdk-amd64/jre/classes"/>
    <property name="java.vendor" value="Oracle Corporation"/>
    <property name="maven.home" value="/usr/share/maven"/>
    <property name="file.separator" value="/"/>
    <property name="java.vendor.url.bug" value="http://bugreport.sun.com/bugreport/"/>
    <property name="sun.cpu.endian" value="little"/>
    <property name="sun.io.unicode.encoding" value="UnicodeLittle"/>
    <property name="sun.cpu.isalist" value=""/>
  </properties>
  <testcase name="testCreateSTextualDS__String" classname="org.corpus_tools.salt.common.impl.tests.SDocumentGraphTest" time="0"/>
  <testcase name="testGetSTextualDSs" classname="org.corpus_tools.salt.common.impl.tests.SDocumentGraphTest" time="0"/>
  <testcase name="testIsContinuousByText__EList" classname="org.corpus_tools.salt.common.impl.tests.SDocumentGraphTest" time="0.002"/>
  <testcase name="testGetSortedSTokenByText_2" classname="org.corpus_tools.salt.common.impl.tests.SDocumentGraphTest" time="0.001"/>
  <testcase name="testGetSMediaDSs" classname="org.corpus_tools.salt.common.impl.tests.SDocumentGraphTest" time="0"/>
  <testcase name="testCreateTokenizer" classname="org.corpus_tools.salt.common.impl.tests.SDocumentGraphTest" time="0"/>
  <testcase name="testcreateToken__SSequentialDS_Integer_Integer" classname="org.corpus_tools.salt.common.impl.tests.SDocumentGraphTest" time="0.002"/>
  <testcase name="testGetOverlappedDSSequences__STextualDS_EList" classname="org.corpus_tools.salt.common.impl.tests.SDocumentGraphTest" time="0.001"/>
  <testcase name="testGetOverlappedDSSequences__SNode_EList" classname="org.corpus_tools.salt.common.impl.tests.SDocumentGraphTest" time="0.001"/>
  <testcase name="testGetChildren" classname="org.corpus_tools.salt.common.impl.tests.SDocumentGraphTest" time="0.071"/>
  <testcase name="testGetSSpanningRelations" classname="org.corpus_tools.salt.common.impl.tests.SDocumentGraphTest" time="0.001"/>
  <testcase name="testCreateSTimeline" classname="org.corpus_tools.salt.common.impl.tests.SDocumentGraphTest" time="0.001"/>
  <testcase name="testGetSOrderRelations" classname="org.corpus_tools.salt.common.impl.tests.SDocumentGraphTest" time="0.001"/>
  <testcase name="testcreateToken__DataSourceSequence" classname="org.corpus_tools.salt.common.impl.tests.SDocumentGraphTest" time="0"/>
  <testcase name="testSetGetDocument" classname="org.corpus_tools.salt.common.impl.tests.SDocumentGraphTest" time="0"/>
  <testcase name="testGetSText__SNode" classname="org.corpus_tools.salt.common.impl.tests.SDocumentGraphTest" time="0.048"/>
  <testcase name="testTokenize" classname="org.corpus_tools.salt.common.impl.tests.SDocumentGraphTest" time="0.066"/>
  <testcase name="testGetSortedSTokenByText__EList" classname="org.corpus_tools.salt.common.impl.tests.SDocumentGraphTest" time="0"/>
  <testcase name="testGetSStructures" classname="org.corpus_tools.salt.common.impl.tests.SDocumentGraphTest" time="0.001"/>
  <testcase name="testGetSDominanceRelations" classname="org.corpus_tools.salt.common.impl.tests.SDocumentGraphTest" time="0"/>
  <testcase name="testGetRootsBySRelation__SALT_TYPE" classname="org.corpus_tools.salt.common.impl.tests.SDocumentGraphTest" time="0.001"/>
  <testcase name="testGetSMedialRelations" classname="org.corpus_tools.salt.common.impl.tests.SDocumentGraphTest" time="0.001"/>
  <testcase name="testStoreLoadIsomorph" classname="org.corpus_tools.salt.common.impl.tests.SDocumentGraphTest" time="0.049"/>
  <testcase name="testGetSharedParent" classname="org.corpus_tools.salt.common.impl.tests.SDocumentGraphTest" time="0.029"/>
  <testcase name="testGetSTextualRelations" classname="org.corpus_tools.salt.common.impl.tests.SDocumentGraphTest" time="0"/>
  <testcase name="testSortSTokenByText" classname="org.corpus_tools.salt.common.impl.tests.SDocumentGraphTest" time="0.001"/>
  <testcase name="testCreateSRelation__SNode_SNode_SALT_TYPE_String" classname="org.corpus_tools.salt.common.impl.tests.SDocumentGraphTest" time="0.001"/>
  <testcase name="testGetRootsBySRelationSType__SALT_TYPE" classname="org.corpus_tools.salt.common.impl.tests.SDocumentGraphTest" time="0.003"/>
  <testcase name="testInsertSTokenAt__STextualDS_Integer_String_Boolean" classname="org.corpus_tools.salt.common.impl.tests.SDocumentGraphTest" time="0.001"/>
  <testcase name="testGetSText__SNode__SStructure" classname="org.corpus_tools.salt.common.impl.tests.SDocumentGraphTest" time="0"/>
  <testcase name="testAddSNode__SNode_SNode_SALT_TYPE" classname="org.corpus_tools.salt.common.impl.tests.SDocumentGraphTest" time="0.001"/>
  <testcase name="testTokenize2" classname="org.corpus_tools.salt.common.impl.tests.SDocumentGraphTest" time="0.051"/>
  <testcase name="testTokenize3" classname="org.corpus_tools.salt.common.impl.tests.SDocumentGraphTest" time="0.054"/>
  <testcase name="testcreateToken__EList" classname="org.corpus_tools.salt.common.impl.tests.SDocumentGraphTest" time="0"/>
  <testcase name="testGetOverlappedSTokens__SNode_List" classname="org.corpus_tools.salt.common.impl.tests.SDocumentGraphTest" time="0.002"/>
  <testcase name="testGetSortedSTokenByText" classname="org.corpus_tools.salt.common.impl.tests.SDocumentGraphTest" time="0.001"/>
  <testcase name="testGetSPointingRelations" classname="org.corpus_tools.salt.common.impl.tests.SDocumentGraphTest" time="0"/>
  <testcase name="testGetSSpans" classname="org.corpus_tools.salt.common.impl.tests.SDocumentGraphTest" time="0.001"/>
  <testcase name="testInsertSTokensAt__STextualDS_Integer_EList_Boolean" classname="org.corpus_tools.salt.common.impl.tests.SDocumentGraphTest" time="0.001"/>
  <testcase name="testGetSTimelineRelations" classname="org.corpus_tools.salt.common.impl.tests.SDocumentGraphTest" time="0"/>
  <testcase name="testGetSTokens" classname="org.corpus_tools.salt.common.impl.tests.SDocumentGraphTest" time="0"/>
  <testcase name="testGetSNodeBySequence__DataSourceSequence" classname="org.corpus_tools.salt.common.impl.tests.SDocumentGraphTest" time="0"/>
  <testcase name="testIsContinuousByText__EList_EList" classname="org.corpus_tools.salt.common.impl.tests.SDocumentGraphTest" time="0"/>
  <testcase name="testGetSText__SNode__withDiscontinuesSpan" classname="org.corpus_tools.salt.common.impl.tests.SDocumentGraphTest" time="0.035"/>
</testsuite>